benchmark/build/intermediates/manifest_merge_blame_file/dhisBenchmark/manifest-merger-blame-dhis-benchmark-report.txt
1<?xml version="1.0" encoding="utf-8"?>
2<manifest xmlns:android="http://schemas.android.com/apk/res/android"
3    package="org.dhis2.benchmark" >
4
5    <uses-sdk
5-->dhis/benchmark/tempFile2ProcessTestManifest6462818022856884719.xml:5:5-7:41
6        android:minSdkVersion="23"
6-->dhis/benchmark/tempFile2ProcessTestManifest6462818022856884719.xml:6:9-35
7        android:targetSdkVersion="33" />
7-->dhis/benchmark/tempFile2ProcessTestManifest6462818022856884719.xml:7:9-38
8
9    <instrumentation
9-->dhis/benchmark/tempFile2ProcessTestManifest6462818022856884719.xml:9:5-14:55
10        android:name="androidx.test.runner.AndroidJUnitRunner"
10-->dhis/benchmark/tempFile2ProcessTestManifest6462818022856884719.xml:10:9-63
11        android:functionalTest="false"
11-->dhis/benchmark/tempFile2ProcessTestManifest6462818022856884719.xml:11:9-39
12        android:handleProfiling="false"
12-->dhis/benchmark/tempFile2ProcessTestManifest6462818022856884719.xml:12:9-40
13        android:label="Tests for org.dhis2.benchmark"
13-->dhis/benchmark/tempFile2ProcessTestManifest6462818022856884719.xml:13:9-54
14        android:targetPackage="org.dhis2.benchmark" />
14-->dhis/benchmark/tempFile2ProcessTestManifest6462818022856884719.xml:14:9-52
15
16    <!--
17    QUERY_ALL_PACKAGES is used to enable macrobenchmarks to read package information from
18    potential target packages, e.g. for querying debuggable, profileable, or default launch intent.
19
20    This could also be done by making each macrobenchmark specify a <queries/> tag, with the
21    target package, but this removes the need for documenting that setup step, and detecting
22    misconfiguration.
23    -->
24    <uses-permission android:name="android.permission.QUERY_ALL_PACKAGES" />
24-->[androidx.benchmark:benchmark-macro:1.1.1] AndroidManifest.xml:33:5-35:53
24-->[androidx.benchmark:benchmark-macro:1.1.1] AndroidManifest.xml:34:9-61
25    <!--
26    This is needed to write benchmark report data to an external directory during instrumented
27    tests to allow the accompanying androidx.benchmark gradle plugin to pull the reports onto host
28     machine after the tests are done running.
29    -->
30    <uses-permission android:name="android.permission.WRITE_EXTERNAL_STORAGE" />
30-->[androidx.benchmark:benchmark-common:1.1.1] AndroidManifest.xml:29:5-81
30-->[androidx.benchmark:benchmark-common:1.1.1] AndroidManifest.xml:29:22-78
31    <uses-permission android:name="android.permission.READ_EXTERNAL_STORAGE" />
32    <uses-permission android:name="android.permission.REORDER_TASKS" />
32-->[androidx.test:core:1.5.0] AndroidManifest.xml:24:5-72
32-->[androidx.test:core:1.5.0] AndroidManifest.xml:24:22-69
33
34    <queries>
34-->[androidx.test:runner:1.5.2] AndroidManifest.xml:24:5-28:15
35        <package android:name="androidx.test.orchestrator" />
35-->[androidx.test:runner:1.5.2] AndroidManifest.xml:25:9-62
35-->[androidx.test:runner:1.5.2] AndroidManifest.xml:25:18-59
36        <package android:name="androidx.test.services" />
36-->[androidx.test:runner:1.5.2] AndroidManifest.xml:26:9-58
36-->[androidx.test:runner:1.5.2] AndroidManifest.xml:26:18-55
37        <package android:name="com.google.android.apps.common.testing.services" />
37-->[androidx.test:runner:1.5.2] AndroidManifest.xml:27:9-83
37-->[androidx.test:runner:1.5.2] AndroidManifest.xml:27:18-80
38    </queries>
39
40    <application
40-->dhis/benchmark/tempFile2ProcessTestManifest6462818022856884719.xml:16:5-18:19
41        android:debuggable="true"
42        android:extractNativeLibs="false" >
43        <uses-library android:name="android.test.runner" />
43-->dhis/benchmark/tempFile2ProcessTestManifest6462818022856884719.xml:17:9-60
43-->dhis/benchmark/tempFile2ProcessTestManifest6462818022856884719.xml:17:23-57
44        <!-- Activity used to block background content while benchmarks are running -->
45        <activity
45-->[androidx.benchmark:benchmark-common:1.1.1] AndroidManifest.xml:34:9-38:20
46            android:name="androidx.benchmark.IsolationActivity"
46-->[androidx.benchmark:benchmark-common:1.1.1] AndroidManifest.xml:35:13-64
47            android:exported="true"
47-->[androidx.benchmark:benchmark-common:1.1.1] AndroidManifest.xml:36:13-36
48            android:theme="@android:style/Theme.Light.NoTitleBar.Fullscreen" >
48-->[androidx.benchmark:benchmark-common:1.1.1] AndroidManifest.xml:37:13-77
49        </activity>
50        <activity
50-->[androidx.test:core:1.5.0] AndroidManifest.xml:27:9-34:20
51            android:name="androidx.test.core.app.InstrumentationActivityInvoker$BootstrapActivity"
51-->[androidx.test:core:1.5.0] AndroidManifest.xml:28:13-99
52            android:exported="true"
52-->[androidx.test:core:1.5.0] AndroidManifest.xml:29:13-36
53            android:theme="@style/WhiteBackgroundTheme" >
53-->[androidx.test:core:1.5.0] AndroidManifest.xml:30:13-56
54            <intent-filter android:priority="-100" >
54-->[androidx.test:core:1.5.0] AndroidManifest.xml:31:13-33:29
54-->[androidx.test:core:1.5.0] AndroidManifest.xml:31:28-51
55                <category android:name="android.intent.category.LAUNCHER" />
55-->[androidx.test:core:1.5.0] AndroidManifest.xml:32:17-77
55-->[androidx.test:core:1.5.0] AndroidManifest.xml:32:27-74
56            </intent-filter>
57        </activity>
58        <activity
58-->[androidx.test:core:1.5.0] AndroidManifest.xml:35:9-42:20
59            android:name="androidx.test.core.app.InstrumentationActivityInvoker$EmptyActivity"
59-->[androidx.test:core:1.5.0] AndroidManifest.xml:36:13-95
60            android:exported="true"
60-->[androidx.test:core:1.5.0] AndroidManifest.xml:37:13-36
61            android:theme="@style/WhiteBackgroundTheme" >
61-->[androidx.test:core:1.5.0] AndroidManifest.xml:38:13-56
62            <intent-filter android:priority="-100" >
62-->[androidx.test:core:1.5.0] AndroidManifest.xml:31:13-33:29
62-->[androidx.test:core:1.5.0] AndroidManifest.xml:31:28-51
63                <category android:name="android.intent.category.LAUNCHER" />
63-->[androidx.test:core:1.5.0] AndroidManifest.xml:32:17-77
63-->[androidx.test:core:1.5.0] AndroidManifest.xml:32:27-74
64            </intent-filter>
65        </activity>
66        <activity
66-->[androidx.test:core:1.5.0] AndroidManifest.xml:43:9-50:20
67            android:name="androidx.test.core.app.InstrumentationActivityInvoker$EmptyFloatingActivity"
67-->[androidx.test:core:1.5.0] AndroidManifest.xml:44:13-103
68            android:exported="true"
68-->[androidx.test:core:1.5.0] AndroidManifest.xml:45:13-36
69            android:theme="@style/WhiteBackgroundDialogTheme" >
69-->[androidx.test:core:1.5.0] AndroidManifest.xml:46:13-62
70            <intent-filter android:priority="-100" >
70-->[androidx.test:core:1.5.0] AndroidManifest.xml:31:13-33:29
70-->[androidx.test:core:1.5.0] AndroidManifest.xml:31:28-51
71                <category android:name="android.intent.category.LAUNCHER" />
71-->[androidx.test:core:1.5.0] AndroidManifest.xml:32:17-77
71-->[androidx.test:core:1.5.0] AndroidManifest.xml:32:27-74
72            </intent-filter>
73        </activity>
74
75        <provider
75-->[androidx.profileinstaller:profileinstaller:1.0.3] AndroidManifest.xml:26:9-34:20
76            android:name="androidx.startup.InitializationProvider"
76-->[androidx.profileinstaller:profileinstaller:1.0.3] AndroidManifest.xml:27:13-67
77            android:authorities="org.dhis2.benchmark.androidx-startup"
77-->[androidx.profileinstaller:profileinstaller:1.0.3] AndroidManifest.xml:28:13-68
78            android:exported="false" >
78-->[androidx.profileinstaller:profileinstaller:1.0.3] AndroidManifest.xml:29:13-37
79            <meta-data
79-->[androidx.profileinstaller:profileinstaller:1.0.3] AndroidManifest.xml:31:13-33:52
80                android:name="androidx.profileinstaller.ProfileInstallerInitializer"
80-->[androidx.profileinstaller:profileinstaller:1.0.3] AndroidManifest.xml:32:17-85
81                android:value="androidx.startup" />
81-->[androidx.profileinstaller:profileinstaller:1.0.3] AndroidManifest.xml:33:17-49
82        </provider>
83
84        <receiver
84-->[androidx.profileinstaller:profileinstaller:1.0.3] AndroidManifest.xml:36:9-45:20
85            android:name="androidx.profileinstaller.ProfileInstallReceiver"
85-->[androidx.profileinstaller:profileinstaller:1.0.3] AndroidManifest.xml:37:13-76
86            android:directBootAware="false"
86-->[androidx.profileinstaller:profileinstaller:1.0.3] AndroidManifest.xml:38:13-44
87            android:enabled="true"
87-->[androidx.profileinstaller:profileinstaller:1.0.3] AndroidManifest.xml:39:13-35
88            android:exported="true"
88-->[androidx.profileinstaller:profileinstaller:1.0.3] AndroidManifest.xml:40:13-36
89            android:permission="android.permission.DUMP" >
89-->[androidx.profileinstaller:profileinstaller:1.0.3] AndroidManifest.xml:41:13-57
90            <intent-filter>
90-->[androidx.profileinstaller:profileinstaller:1.0.3] AndroidManifest.xml:42:13-44:29
91                <action android:name="androidx.profileinstaller.action.INSTALL_PROFILE" />
91-->[androidx.profileinstaller:profileinstaller:1.0.3] AndroidManifest.xml:43:17-91
91-->[androidx.profileinstaller:profileinstaller:1.0.3] AndroidManifest.xml:43:25-88
92            </intent-filter>
93        </receiver>
94    </application>
95
96</manifest>